<?xml version="1.0" encoding="UTF-8"?>
<testsuite xmlns:xsi="http://www.w3.org/2001/XMLSchema-instance" xsi:noNamespaceSchemaLocation="https://maven.apache.org/surefire/maven-surefire-plugin/xsd/surefire-test-report.xsd" name="TestSuite" time="8.984" tests="2" errors="0" skipped="0" failures="0">
  <properties>
[...]
</properties>
  <testcase name="feature" classname="com.spedtestautomation.TestRunner.TestRunner" time="4.911"/>
  <testcase name="feature" classname="com.spedtestautomation.TestRunner.TestRunner" time="0.224"/>
</testsuite>