<?xml version="1.0" encoding="UTF-8"?>
<testng-results skipped="0" failed="0" total="2" passed="2">
  <reporter-output>
  </reporter-output>
  <suite name="Default suite" duration-ms="23841" started-at="2022-12-02T15:30:15Z" finished-at="2022-12-02T15:30:39Z">
    <groups>
    </groups>
    <test name="Default test" duration-ms="23841" started-at="2022-12-02T15:30:15Z" finished-at="2022-12-02T15:30:39Z">
      <class name="com.spedtestautomation.TestRunner.TestRunner">
        <test-method status="PASS" signature="webdriverSetUp()[pri:0, instance:com.spedtestautomation.TestRunner.TestRunner@627551fb]" name="webdriverSetUp" is-config="true" duration-ms="5284" started-at="2022-12-02T21:00:09Z" finished-at="2022-12-02T21:00:15Z">
          <reporter-output>
          </reporter-output>
        </test-method> <!-- webdriverSetUp -->
        <test-method status="PASS" signature="setUpClass()[pri:0, instance:com.spedtestautomation.TestRunner.TestRunner@627551fb]" name="setUpClass" is-config="true" duration-ms="388" started-at="2022-12-02T21:00:15Z" depends-on-methods="com.spedtestautomation.DriverManager.WebDriverManager.webdriverSetUp" finished-at="2022-12-02T21:00:15Z">
          <reporter-output>
          </reporter-output>
        </test-method> <!-- setUpClass -->
        <test-method status="PASS" signature="getDriver()[pri:0, instance:com.spedtestautomation.TestRunner.TestRunner@627551fb]" name="getDriver" is-config="true" duration-ms="0" started-at="2022-12-02T21:00:15Z" finished-at="2022-12-02T21:00:15Z">
          <reporter-output>
          </reporter-output>
        </test-method> <!-- getDriver -->
        <test-method status="PASS" signature="feature(cucumber.api.testng.PickleEventWrapper, cucumber.api.testng.CucumberFeatureWrapper)[pri:0, instance:com.spedtestautomation.TestRunner.TestRunner@627551fb]" name="feature" duration-ms="6570" started-at="2022-12-02T21:00:15Z" data-provider="features" finished-at="2022-12-02T21:00:22Z">
          <params>
            <param index="0">
              <value>
                <![CDATA["Verify Login with New Parent Credentials"]]>
              </value>
            </param>
            <param index="1">
              <value>
                <![CDATA["Test scenario"]]>
              </value>
            </param>
          </params>
          <reporter-output>
          </reporter-output>
        </test-method> <!-- feature -->
        <test-method status="PASS" signature="getDriver()[pri:0, instance:com.spedtestautomation.TestRunner.TestRunner@627551fb]" name="getDriver" is-config="true" duration-ms="1" started-at="2022-12-02T21:00:22Z" finished-at="2022-12-02T21:00:22Z">
          <reporter-output>
          </reporter-output>
        </test-method> <!-- getDriver -->
        <test-method status="PASS" signature="feature(cucumber.api.testng.PickleEventWrapper, cucumber.api.testng.CucumberFeatureWrapper)[pri:0, instance:com.spedtestautomation.TestRunner.TestRunner@627551fb]" name="feature" duration-ms="17028" started-at="2022-12-02T21:00:22Z" data-provider="features" finished-at="2022-12-02T21:00:39Z">
          <params>
            <param index="0">
              <value>
                <![CDATA["Verify Login with New Parent Credentials"]]>
              </value>
            </param>
            <param index="1">
              <value>
                <![CDATA["Test scenario"]]>
              </value>
            </param>
          </params>
          <reporter-output>
          </reporter-output>
        </test-method> <!-- feature -->
        <test-method status="PASS" signature="tearDownClass()[pri:0, instance:com.spedtestautomation.TestRunner.TestRunner@627551fb]" name="tearDownClass" is-config="true" duration-ms="20" started-at="2022-12-02T21:00:39Z" finished-at="2022-12-02T21:00:39Z">
          <reporter-output>
          </reporter-output>
        </test-method> <!-- tearDownClass -->
      </class> <!-- com.spedtestautomation.TestRunner.TestRunner -->
    </test> <!-- Default test -->
  </suite> <!-- Default suite -->
</testng-results>
